<?xml version="1.0" encoding="UTF-8"?>
<!-- Generated by org.testng.reporters.JUnitReportReporter -->
<testsuite hostname="MAA125CG05164FD" failures="0" tests="2" name="DataDrivenTesting.ExcelFileDataDriven" time="1.011" errors="0" timestamp="2025-01-25T23:34:11 IST" skipped="0">
  <testcase classname="DataDrivenTesting.ExcelFileDataDriven" name="testcase" time="0.965"/>
  <system-out>
    <![CDATA[Name]]>
  </system-out>
  <testcase classname="DataDrivenTesting.ExcelFileDataDriven" name="testcase1" time="0.046"/>
  <system-out/>
</testsuite> <!-- DataDrivenTesting.ExcelFileDataDriven -->
