<?xml version="1.0" encoding="UTF-8"?>
<!-- Generated by org.testng.reporters.JUnitReportReporter -->
<testsuite hostname="MAA125CG05164FD" failures="0" tests="2" name="CrossBrowser.Testclass" time="0.154" errors="0" timestamp="2025-01-18T09:49:16 IST" skipped="0">
  <testcase classname="CrossBrowser.Testclass" name="testcase" time="0.005"/>
  <system-out>
    <![CDATA[Execution done]]>
  </system-out>
  <testcase classname="CrossBrowser.Testclass" name="testcase" time="0.149"/>
  <system-out>
    <![CDATA[Execution done]]>
  </system-out>
</testsuite> <!-- CrossBrowser.Testclass -->
