<?xml version="1.0" encoding="UTF-8"?>
<!-- Generated by org.testng.reporters.JUnitReportReporter -->
<testsuite hostname="MAA125CG05164FD" failures="0" tests="1" name="Sample1.Program1" time="0.008" errors="0" timestamp="2024-12-07T11:45:03 IST" skipped="0">
  <testcase classname="Sample1.Program1" name="testcase" time="0.008"/>
  <system-out>
    <![CDATA[Testcase execution successfull]]>
  </system-out>
</testsuite> <!-- Sample1.Program1 -->
