<?xml version="1.0" encoding="UTF-8"?>
<!-- Generated by org.testng.reporters.JUnitReportReporter -->
<testsuite hostname="MAA125CG05164FD" failures="0" tests="3" name="DataProvider.AssignmentTwoDimensional" time="2.512" errors="0" timestamp="2024-12-22T12:35:30 IST" skipped="0">
  <testcase classname="DataProvider.AssignmentTwoDimensional" name="testcase" time="1.051"/>
  <system-out/>
  <testcase classname="DataProvider.AssignmentTwoDimensional" name="testcase" time="0.799"/>
  <system-out/>
  <testcase classname="DataProvider.AssignmentTwoDimensional" name="testcase" time="0.662"/>
  <system-out/>
</testsuite> <!-- DataProvider.AssignmentTwoDimensional -->
