<?xml version="1.0" encoding="UTF-8"?>
<!-- Generated by org.testng.reporters.JUnitReportReporter -->
<testsuite hostname="MAA125CG05164FD" failures="0" tests="1" name="DataDrivenTesting.Program" time="8.507" errors="0" timestamp="2025-01-18T12:46:19 IST" skipped="0">
  <testcase classname="DataDrivenTesting.Program" name="testcase" time="8.507"/>
  <system-out>
    <![CDATA[https://demowebshop.tricentis.com/]]>
  </system-out>
</testsuite> <!-- DataDrivenTesting.Program -->
