<?xml version="1.0" encoding="UTF-8"?>
<!-- Generated by org.testng.reporters.JUnitReportReporter -->
<testsuite hostname="MAA125CG05164FD" failures="0" tests="1" name="Assertion.Assertclass" time="6.401" errors="0" timestamp="2025-01-18T09:51:48 IST" skipped="0">
  <testcase classname="Assertion.Assertclass" name="testcase" time="6.401"/>
  <system-out>
    <![CDATA[2]]>
  </system-out>
</testsuite> <!-- Assertion.Assertclass -->
