<?xml version="1.0" encoding="UTF-8"?>
<!-- Generated by org.testng.reporters.JUnitReportReporter -->
<testsuite hostname="MAA125CG05164FD" failures="0" tests="1" name="DataProvider.TwoDimensionalArray" time="0.007" errors="0" timestamp="2024-12-22T12:35:08 IST" skipped="0">
  <testcase classname="DataProvider.TwoDimensionalArray" name="testcase" time="0.007"/>
  <system-out>
    <![CDATA[java
shubham
asdf]]>
  </system-out>
</testsuite> <!-- DataProvider.TwoDimensionalArray -->
