<?xml version="1.0" encoding="UTF-8"?>
<!-- Generated by org.testng.reporters.JUnitReportReporter -->
<testsuite hostname="MAA125CG05164FD" failures="0" tests="3" name="Assignment1.TestClass2" time="17.785" errors="0" timestamp="2024-12-08T12:52:20 IST" skipped="0">
  <testcase classname="Assignment1.TestClass2" name="Testcase1" time="6.237"/>
  <system-out>
    <![CDATA[TitleDemo Web Shop. Digital downloads
Title is Demo Web Shop. 3rd Album
Header is 3rd Album
1.00
Quantity is 1]]>
  </system-out>
  <testcase classname="Assignment1.TestClass2" name="Testcase2" time="5.706"/>
  <system-out>
    <![CDATA[TitleDemo Web Shop. Digital downloads
Title is Demo Web Shop. Music 2
Header is Music 2
10.00
Quantity is 1]]>
  </system-out>
  <testcase classname="Assignment1.TestClass2" name="Testcase3" time="5.842"/>
  <system-out>
    <![CDATA[TitleDemo Web Shop. Digital downloads
Title is Demo Web Shop. Music 2
Header is Music 2
3.00
Quantity is 1]]>
  </system-out>
</testsuite> <!-- Assignment1.TestClass2 -->
