<?xml version="1.0" encoding="UTF-8"?>
<!-- Generated by org.testng.reporters.JUnitReportReporter -->
<testsuite hostname="MAA125CG05164FD" failures="0" tests="1" name="Assignment1.TestClass1" time="7.232" errors="0" timestamp="2024-12-08T12:52:20 IST" skipped="0">
  <testcase classname="Assignment1.TestClass1" name="Testcase1" time="7.232"/>
  <system-out>
    <![CDATA[TitleDemo Web Shop. Apparel & Shoes
Title is Demo Web Shop. Blue and green Sneaker
Header is Blue and green Sneaker
11.00
Quantity is 1]]>
  </system-out>
</testsuite> <!-- Assignment1.TestClass1 -->
