<?xml version="1.0" encoding="UTF-8"?>
<!-- Generated by org.testng.reporters.JUnitReportReporter -->
<testsuite hostname="MAA125CG05164FD" failures="0" tests="2" name="Sample2.TestClass" time="10.751" errors="0" timestamp="2024-12-08T09:57:06 IST" skipped="0">
  <testcase classname="Sample2.TestClass" name="testcase" time="5.974"/>
  <system-out/>
  <testcase classname="Sample2.TestClass" name="testcase1" time="4.777"/>
  <system-out/>
</testsuite> <!-- Sample2.TestClass -->
