<?xml version="1.0" encoding="UTF-8"?>
<!-- Generated by org.testng.reporters.JUnitReportReporter -->
<testsuite hostname="MAA125CG05164FD" failures="0" tests="2" name="POM.TestClass" time="19.822" errors="0" timestamp="2025-01-26T10:01:54 IST" skipped="0">
  <testcase classname="POM.TestClass" name="regexecute" time="8.098"/>
  <system-out/>
  <testcase classname="POM.TestClass" name="registerexecute" time="11.724"/>
  <system-out/>
</testsuite> <!-- POM.TestClass -->
