<?xml version="1.0" encoding="UTF-8"?>
<!-- Generated by org.testng.reporters.JUnitReportReporter -->
<testsuite hostname="MAA125CG05164FD" failures="0" tests="3" name="DataProvider.SingleDimensionalArray" time="0.010" errors="0" timestamp="2024-12-22T11:59:41 IST" skipped="0">
  <testcase classname="DataProvider.SingleDimensionalArray" name="testcase" time="0.001"/>
  <system-out>
    <![CDATA[English]]>
  </system-out>
  <testcase classname="DataProvider.SingleDimensionalArray" name="testcase" time="0.001"/>
  <system-out>
    <![CDATA[Maths]]>
  </system-out>
  <testcase classname="DataProvider.SingleDimensionalArray" name="testcase" time="0.008"/>
  <system-out>
    <![CDATA[Tamil]]>
  </system-out>
</testsuite> <!-- DataProvider.SingleDimensionalArray -->
