<?xml version="1.0" encoding="UTF-8"?>
<!-- Generated by org.testng.reporters.JUnitReportReporter -->
<testsuite hostname="MAA125CG05164FD" failures="0" tests="1" name="Assignment2.checkin" time="33.014" errors="0" timestamp="2025-01-30T23:05:55 IST" skipped="0">
  <testcase classname="Assignment2.checkin" name="check" time="33.014"/>
  <system-out/>
</testsuite> <!-- Assignment2.checkin -->
