<?xml version="1.0" encoding="UTF-8"?>
<!-- Generated by org.testng.reporters.JUnitReportReporter -->
<testsuite hostname="MAA125CG05164FD" failures="0" tests="1" name="DataDrivenTesting.AddDataInExcelFile" time="0.855" errors="0" timestamp="2025-01-19T12:31:41 IST" skipped="0">
  <testcase classname="DataDrivenTesting.AddDataInExcelFile" name="testcase" time="0.855"/>
  <system-out/>
</testsuite> <!-- DataDrivenTesting.AddDataInExcelFile -->
